#
# There is insufficient memory for the Java Runtime Environment to continue.
# Native memory allocation (mmap) failed to map 55574528 bytes for committing reserved memory.
# Possible reasons:
#   The system is out of physical RAM or swap space
#   In 32 bit mode, the process size limit was hit
# Possible solutions:
#   Reduce memory load on the system
#   Increase physical memory or swap space
#   Check if swap backing store is full
#   Use 64 bit Java on a 64 bit OS
#   Decrease Java heap size (-Xmx/-Xms)
#   Decrease number of Java threads
#   Decrease Java thread stack sizes (-Xss)
#   Set larger code cache with -XX:ReservedCodeCacheSize=
# This output file may be truncated or incomplete.
#
#  Out of Memory Error (os_linux.cpp:2671), pid=17169, tid=140571207259904
#
# JRE version: Java(TM) SE Runtime Environment (8.0_25-b17) (build 1.8.0_25-b17)
# Java VM: Java HotSpot(TM) 64-Bit Server VM (25.25-b02 mixed mode linux-amd64 compressed oops)
# Failed to write core dump. Core dumps have been disabled. To enable core dumping, try "ulimit -c unlimited" before starting Java again
#

---------------  T H R E A D  ---------------

Current thread (0x00007fd958138800):  VMThread [stack: 0x00007fd948cfd000,0x00007fd948dfe000] [id=17182]

Stack: [0x00007fd948cfd000,0x00007fd948dfe000],  sp=0x00007fd948dfc0b0,  free space=1020k
Native frames: (J=compiled Java code, j=interpreted, Vv=VM code, C=native code)
V  [libjvm.so+0xa7923a]  VMError::report_and_die()+0x2ca
V  [libjvm.so+0x4e552b]  report_vm_out_of_memory(char const*, int, unsigned long, VMErrorType, char const*)+0x8b
V  [libjvm.so+0x8e5613]  os::Linux::commit_memory_impl(char*, unsigned long, bool)+0x103
V  [libjvm.so+0x8e5b69]  os::pd_commit_memory(char*, unsigned long, unsigned long, bool)+0x29
V  [libjvm.so+0x8df83a]  os::commit_memory(char*, unsigned long, unsigned long, bool)+0x2a
V  [libjvm.so+0x94f923]  PSVirtualSpace::expand_by(unsigned long)+0x53
V  [libjvm.so+0x950d28]  PSYoungGen::resize_generation(unsigned long, unsigned long)+0xf8
V  [libjvm.so+0x94fe82]  PSYoungGen::resize(unsigned long, unsigned long)+0x22
V  [libjvm.so+0x94d163]  PSScavenge::invoke_no_policy()+0xf53
V  [libjvm.so+0x94d8e1]  PSScavenge::invoke()+0x41
V  [libjvm.so+0x907800]  ParallelScavengeHeap::failed_mem_allocate(unsigned long)+0x70
V  [libjvm.so+0xa7a8b7]  VM_ParallelGCFailedAllocation::doit()+0x97
V  [libjvm.so+0xa81fd5]  VM_Operation::evaluate()+0x55
V  [libjvm.so+0xa803aa]  VMThread::evaluate_operation(VM_Operation*)+0xba
V  [libjvm.so+0xa8072e]  VMThread::loop()+0x1ce
V  [libjvm.so+0xa80ba0]  VMThread::run()+0x70
V  [libjvm.so+0x8e7d48]  java_start(Thread*)+0x108

VM_Operation (0x00007fd960df5110): ParallelGCFailedAllocation, mode: safepoint, requested by thread 0x00007fd958008800


---------------  P R O C E S S  ---------------

Java Threads: ( => current thread )
  0x00007fd958179800 JavaThread "Service Thread" daemon [_thread_blocked, id=17189, stack(0x00007fd9484ac000,0x00007fd9485ad000)]
  0x00007fd958176800 JavaThread "C1 CompilerThread2" daemon [_thread_blocked, id=17188, stack(0x00007fd9485ad000,0x00007fd9486ae000)]
  0x00007fd958175000 JavaThread "C2 CompilerThread1" daemon [_thread_blocked, id=17187, stack(0x00007fd9486ae000,0x00007fd9487af000)]
  0x00007fd958172000 JavaThread "C2 CompilerThread0" daemon [_thread_blocked, id=17186, stack(0x00007fd9487af000,0x00007fd9488b0000)]
  0x00007fd958170000 JavaThread "Signal Dispatcher" daemon [_thread_blocked, id=17185, stack(0x00007fd9488b0000,0x00007fd9489b1000)]
  0x00007fd958142000 JavaThread "Finalizer" daemon [_thread_blocked, id=17184, stack(0x00007fd948afb000,0x00007fd948bfc000)]
  0x00007fd958140000 JavaThread "Reference Handler" daemon [_thread_blocked, id=17183, stack(0x00007fd948bfc000,0x00007fd948cfd000)]
  0x00007fd958008800 JavaThread "main" [_thread_blocked, id=17177, stack(0x00007fd960cf6000,0x00007fd960df7000)]

Other Threads:
=>0x00007fd958138800 VMThread [stack: 0x00007fd948cfd000,0x00007fd948dfe000] [id=17182]
  0x00007fd958191000 WatcherThread [stack: 0x00007fd9483ab000,0x00007fd9484ac000] [id=17190]

VM state:at safepoint (normal execution)

VM Mutex/Monitor currently owned by a thread:  ([mutex/lock_event])
[0x00007fd958006140] Threads_lock - owner thread: 0x00007fd958138800
[0x00007fd958006640] Heap_lock - owner thread: 0x00007fd958008800

Heap:
 PSYoungGen      total 34304K, used 2544K [0x00000000eab00000, 0x00000000ecf00000, 0x0000000100000000)
  eden space 31744K, 0% used [0x00000000eab00000,0x00000000eab00000,0x00000000eca00000)
  from space 2560K, 99% used [0x00000000eca00000,0x00000000ecc7c030,0x00000000ecc80000)
  to   space 2560K, 0% used [0x00000000ecc80000,0x00000000ecc80000,0x00000000ecf00000)
 ParOldGen       total 42496K, used 28132K [0x00000000c0000000, 0x00000000c2980000, 0x00000000eab00000)
  object space 42496K, 66% used [0x00000000c0000000,0x00000000c1b79140,0x00000000c2980000)
 Metaspace       used 7047K, capacity 7524K, committed 7680K, reserved 1056768K
  class space    used 698K, capacity 724K, committed 768K, reserved 1048576K

Card table byte_map: [0x00007fd95df79000,0x00007fd95e17a000] byte_map_base: 0x00007fd95d979000

Marking Bits: (ParMarkBitMap*) 0x00007fd9602042c0
 Begin Bits: [0x00007fd936000000, 0x00007fd937000000)
 End Bits:   [0x00007fd937000000, 0x00007fd938000000)

Polling page: 0x00007fd960e26000

CodeCache: size=245760Kb used=6559Kb max_used=6576Kb free=239200Kb
 bounds [0x00007fd949000000, 0x00007fd949680000, 0x00007fd958000000]
 total_blobs=2268 nmethods=1979 adapters=204
 compilation: enabled

Compilation events (10 events):
Event: 5.569 Thread 0x00007fd958172000 nmethod 1995 0x00007fd9496692d0 code [0x00007fd949669700, 0x00007fd94966b518]
Event: 5.569 Thread 0x00007fd958172000 2000       4       java.util.HashMap::putVal (300 bytes)
Event: 5.572 Thread 0x00007fd958176800 2003       3       java.util.ArrayList::<init> (12 bytes)
Event: 5.573 Thread 0x00007fd958176800 nmethod 2003 0x00007fd949663650 code [0x00007fd9496637c0, 0x00007fd949663a50]
Event: 5.577 Thread 0x00007fd958172000 nmethod 2000 0x00007fd949662610 code [0x00007fd9496627e0, 0x00007fd949663070]
Event: 5.577 Thread 0x00007fd958172000 2001       4       java.util.HashMap::getNode (148 bytes)
Event: 5.579 Thread 0x00007fd958175000 nmethod 1993 0x00007fd949672310 code [0x00007fd9496726e0, 0x00007fd949674578]
Event: 5.579 Thread 0x00007fd958175000 2002       4       java.util.HashMap::get (23 bytes)
Event: 5.579 Thread 0x00007fd958172000 nmethod 2001 0x00007fd949660290 code [0x00007fd949660400, 0x00007fd949660608]
Event: 5.579 Thread 0x00007fd958172000 1999 %     4       sun.security.provider.DigestBase::engineUpdate @ 136 (188 bytes)

GC Heap History (9 events):
Event: 1.683 GC heap before
{Heap before GC invocations=1 (full 0):
 PSYoungGen      total 18432K, used 15872K [0x00000000eab00000, 0x00000000ebf80000, 0x0000000100000000)
  eden space 15872K, 100% used [0x00000000eab00000,0x00000000eba80000,0x00000000eba80000)
  from space 2560K, 0% used [0x00000000ebd00000,0x00000000ebd00000,0x00000000ebf80000)
  to   space 2560K, 0% used [0x00000000eba80000,0x00000000eba80000,0x00000000ebd00000)
 ParOldGen       total 42496K, used 0K [0x00000000c0000000, 0x00000000c2980000, 0x00000000eab00000)
  object space 42496K, 0% used [0x00000000c0000000,0x00000000c0000000,0x00000000c2980000)
 Metaspace       used 4926K, capacity 6416K, committed 6528K, reserved 1056768K
  class space    used 494K, capacity 584K, committed 640K, reserved 1048576K
Event: 1.693 GC heap after
Heap after GC invocations=1 (full 0):
 PSYoungGen      total 18432K, used 2544K [0x00000000eab00000, 0x00000000ebf80000, 0x0000000100000000)
  eden space 15872K, 0% used [0x00000000eab00000,0x00000000eab00000,0x00000000eba80000)
  from space 2560K, 99% used [0x00000000eba80000,0x00000000ebcfc028,0x00000000ebd00000)
  to   space 2560K, 0% used [0x00000000ebd00000,0x00000000ebd00000,0x00000000ebf80000)
 ParOldGen       total 42496K, used 4386K [0x00000000c0000000, 0x00000000c2980000, 0x00000000eab00000)
  object space 42496K, 10% used [0x00000000c0000000,0x00000000c0448bc0,0x00000000c2980000)
 Metaspace       used 4926K, capacity 6416K, committed 6528K, reserved 1056768K
  class space    used 494K, capacity 584K, committed 640K, reserved 1048576K
}
Event: 3.902 GC heap before
{Heap before GC invocations=2 (full 0):
 PSYoungGen      total 18432K, used 18416K [0x00000000eab00000, 0x00000000ebf80000, 0x0000000100000000)
  eden space 15872K, 100% used [0x00000000eab00000,0x00000000eba80000,0x00000000eba80000)
  from space 2560K, 99% used [0x00000000eba80000,0x00000000ebcfc028,0x00000000ebd00000)
  to   space 2560K, 0% used [0x00000000ebd00000,0x00000000ebd00000,0x00000000ebf80000)
 ParOldGen       total 42496K, used 4386K [0x00000000c0000000, 0x00000000c2980000, 0x00000000eab00000)
  object space 42496K, 10% used [0x00000000c0000000,0x00000000c0448bc0,0x00000000c2980000)
 Metaspace       used 6767K, capacity 7358K, committed 7680K, reserved 1056768K
  class space    used 684K, capacity 690K, committed 768K, reserved 1048576K
Event: 4.649 GC heap after
Heap after GC invocations=2 (full 0):
 PSYoungGen      total 18432K, used 2544K [0x00000000eab00000, 0x00000000ecf00000, 0x0000000100000000)
  eden space 15872K, 0% used [0x00000000eab00000,0x00000000eab00000,0x00000000eba80000)
  from space 2560K, 99% used [0x00000000ebd00000,0x00000000ebf7c030,0x00000000ebf80000)
  to   space 2560K, 0% used [0x00000000eba80000,0x00000000eba80000,0x00000000ebd00000)
 ParOldGen       total 42496K, used 8555K [0x00000000c0000000, 0x00000000c2980000, 0x00000000eab00000)
  object space 42496K, 20% used [0x00000000c0000000,0x00000000c085af30,0x00000000c2980000)
 Metaspace       used 6767K, capacity 7358K, committed 7680K, reserved 1056768K
  class space    used 684K, capacity 690K, committed 768K, reserved 1048576K
}
Event: 4.980 GC heap before
{Heap before GC invocations=3 (full 0):
 PSYoungGen      total 18432K, used 18416K [0x00000000eab00000, 0x00000000ecf00000, 0x0000000100000000)
  eden space 15872K, 100% used [0x00000000eab00000,0x00000000eba80000,0x00000000eba80000)
  from space 2560K, 99% used [0x00000000ebd00000,0x00000000ebf7c030,0x00000000ebf80000)
  to   space 2560K, 0% used [0x00000000eba80000,0x00000000eba80000,0x00000000ebd00000)
 ParOldGen       total 42496K, used 8555K [0x00000000c0000000, 0x00000000c2980000, 0x00000000eab00000)
  object space 42496K, 20% used [0x00000000c0000000,0x00000000c085af30,0x00000000c2980000)
 Metaspace       used 7010K, capacity 7524K, committed 7680K, reserved 1056768K
  class space    used 697K, capacity 724K, committed 768K, reserved 1048576K
Event: 4.989 GC heap after
Heap after GC invocations=3 (full 0):
 PSYoungGen      total 18432K, used 2560K [0x00000000eab00000, 0x00000000ecf00000, 0x0000000100000000)
  eden space 15872K, 0% used [0x00000000eab00000,0x00000000eab00000,0x00000000eba80000)
  from space 2560K, 100% used [0x00000000eba80000,0x00000000ebd00000,0x00000000ebd00000)
  to   space 2560K, 0% used [0x00000000ecc80000,0x00000000ecc80000,0x00000000ecf00000)
 ParOldGen       total 42496K, used 14900K [0x00000000c0000000, 0x00000000c2980000, 0x00000000eab00000)
  object space 42496K, 35% used [0x00000000c0000000,0x00000000c0e8d388,0x00000000c2980000)
 Metaspace       used 7010K, capacity 7524K, committed 7680K, reserved 1056768K
  class space    used 697K, capacity 724K, committed 768K, reserved 1048576K
}
Event: 5.300 GC heap before
{Heap before GC invocations=4 (full 0):
 PSYoungGen      total 18432K, used 15076K [0x00000000eab00000, 0x00000000ecf00000, 0x0000000100000000)
  eden space 15872K, 78% used [0x00000000eab00000,0x00000000eb7393e8,0x00000000eba80000)
  from space 2560K, 100% used [0x00000000eba80000,0x00000000ebd00000,0x00000000ebd00000)
  to   space 2560K, 0% used [0x00000000ecc80000,0x00000000ecc80000,0x00000000ecf00000)
 ParOldGen       total 42496K, used 14900K [0x00000000c0000000, 0x00000000c2980000, 0x00000000eab00000)
  object space 42496K, 35% used [0x00000000c0000000,0x00000000c0e8d388,0x00000000c2980000)
 Metaspace       used 7031K, capacity 7524K, committed 7680K, reserved 1056768K
  class space    used 697K, capacity 724K, committed 768K, reserved 1048576K
Event: 5.314 GC heap after
Heap after GC invocations=4 (full 0):
 PSYoungGen      total 34304K, used 2544K [0x00000000eab00000, 0x00000000ecf00000, 0x0000000100000000)
  eden space 31744K, 0% used [0x00000000eab00000,0x00000000eab00000,0x00000000eca00000)
  from space 2560K, 99% used [0x00000000ecc80000,0x00000000ecefc030,0x00000000ecf00000)
  to   space 2560K, 0% used [0x00000000eca00000,0x00000000eca00000,0x00000000ecc80000)
 ParOldGen       total 42496K, used 16920K [0x00000000c0000000, 0x00000000c2980000, 0x00000000eab00000)
  object space 42496K, 39% used [0x00000000c0000000,0x00000000c1086248,0x00000000c2980000)
 Metaspace       used 7031K, capacity 7524K, committed 7680K, reserved 1056768K
  class space    used 697K, capacity 724K, committed 768K, reserved 1048576K
}
Event: 5.581 GC heap before
{Heap before GC invocations=5 (full 0):
 PSYoungGen      total 34304K, used 34288K [0x00000000eab00000, 0x00000000ecf00000, 0x0000000100000000)
  eden space 31744K, 100% used [0x00000000eab00000,0x00000000eca00000,0x00000000eca00000)
  from space 2560K, 99% used [0x00000000ecc80000,0x00000000ecefc030,0x00000000ecf00000)
  to   space 2560K, 0% used [0x00000000eca00000,0x00000000eca00000,0x00000000ecc80000)
 ParOldGen       total 42496K, used 16920K [0x00000000c0000000, 0x00000000c2980000, 0x00000000eab00000)
  object space 42496K, 39% used [0x00000000c0000000,0x00000000c1086248,0x00000000c2980000)
 Metaspace       used 7047K, capacity 7524K, committed 7680K, reserved 1056768K
  class space    used 698K, capacity 724K, committed 768K, reserved 1048576K

Deoptimization events (10 events):
Event: 2.919 Thread 0x00007fd958008800 Uncommon trap: reason=class_check action=maybe_recompile pc=0x00007fd9494846c4 method=com.android.dex.Leb128.writeUnsignedLeb128(Lcom/android/dex/util/ByteOutput;I)V @ 40
Event: 2.920 Thread 0x00007fd958008800 Uncommon trap: reason=class_check action=maybe_recompile pc=0x00007fd9494846c4 method=com.android.dex.Leb128.writeUnsignedLeb128(Lcom/android/dex/util/ByteOutput;I)V @ 40
Event: 2.920 Thread 0x00007fd958008800 Uncommon trap: reason=class_check action=maybe_recompile pc=0x00007fd9494846c4 method=com.android.dex.Leb128.writeUnsignedLeb128(Lcom/android/dex/util/ByteOutput;I)V @ 40
Event: 2.920 Thread 0x00007fd958008800 Uncommon trap: reason=class_check action=maybe_recompile pc=0x00007fd9494846c4 method=com.android.dex.Leb128.writeUnsignedLeb128(Lcom/android/dex/util/ByteOutput;I)V @ 40
Event: 2.978 Thread 0x00007fd958008800 Uncommon trap: reason=predicate action=maybe_recompile pc=0x00007fd9494de498 method=com.android.dex.Leb128.writeUnsignedLeb128(Lcom/android/dex/util/ByteOutput;I)V @ 9
Event: 4.777 Thread 0x00007fd958008800 Uncommon trap: reason=predicate action=maybe_recompile pc=0x00007fd94953f9f0 method=com.android.dex.Leb128.readUnsignedLeb128(Lcom/android/dex/util/ByteInput;)I @ 41
Event: 4.890 Thread 0x00007fd958008800 Uncommon trap: reason=unreached action=reinterpret pc=0x00007fd9494bb59c method=java.util.HashMap.putVal(ILjava/lang/Object;Ljava/lang/Object;ZZ)Ljava/lang/Object; @ 109
Event: 4.941 Thread 0x00007fd958008800 Uncommon trap: reason=unreached action=reinterpret pc=0x00007fd9494b4840 method=java.util.HashMap.putVal(ILjava/lang/Object;Ljava/lang/Object;ZZ)Ljava/lang/Object; @ 109
Event: 5.015 Thread 0x00007fd958008800 Uncommon trap: reason=unreached action=reinterpret pc=0x00007fd9493c8640 method=java.util.HashMap.getNode(ILjava/lang/Object;)Ljava/util/HashMap$Node; @ 84
Event: 5.018 Thread 0x00007fd958008800 Uncommon trap: reason=unreached action=reinterpret pc=0x00007fd9493c1b18 method=java.util.HashMap.getNode(ILjava/lang/Object;)Ljava/util/HashMap$Node; @ 84

Internal exceptions (10 events):
Event: 3.007 Thread 0x00007fd958008800 Exception <a 'java/security/PrivilegedActionException'> (0x00000000eb92da40) thrown at [/HUDSON/workspace/8-2-build-linux-amd64/jdk8u25/1514/hotspot/src/share/vm/prims/jvm.cpp, line 1312]
Event: 3.007 Thread 0x00007fd958008800 Exception <a 'java/security/PrivilegedActionException'> (0x00000000eb930b80) thrown at [/HUDSON/workspace/8-2-build-linux-amd64/jdk8u25/1514/hotspot/src/share/vm/prims/jvm.cpp, line 1312]
Event: 3.008 Thread 0x00007fd958008800 Exception <a 'java/security/PrivilegedActionException'> (0x00000000eb9340f8) thrown at [/HUDSON/workspace/8-2-build-linux-amd64/jdk8u25/1514/hotspot/src/share/vm/prims/jvm.cpp, line 1312]
Event: 3.010 Thread 0x00007fd958008800 Exception <a 'java/security/PrivilegedActionException'> (0x00000000eb93b418) thrown at [/HUDSON/workspace/8-2-build-linux-amd64/jdk8u25/1514/hotspot/src/share/vm/prims/jvm.cpp, line 1312]
Event: 3.010 Thread 0x00007fd958008800 Exception <a 'java/security/PrivilegedActionException'> (0x00000000eb97d910) thrown at [/HUDSON/workspace/8-2-build-linux-amd64/jdk8u25/1514/hotspot/src/share/vm/prims/jvm.cpp, line 1312]
Event: 3.804 Thread 0x00007fd958008800 Exception <a 'java/security/PrivilegedActionException'> (0x00000000eba65b78) thrown at [/HUDSON/workspace/8-2-build-linux-amd64/jdk8u25/1514/hotspot/src/share/vm/prims/jvm.cpp, line 1312]
Event: 3.804 Thread 0x00007fd958008800 Exception <a 'java/security/PrivilegedActionException'> (0x00000000eba65ec0) thrown at [/HUDSON/workspace/8-2-build-linux-amd64/jdk8u25/1514/hotspot/src/share/vm/prims/jvm.cpp, line 1312]
Event: 3.804 Thread 0x00007fd958008800 Exception <a 'java/security/PrivilegedActionException'> (0x00000000eba68430) thrown at [/HUDSON/workspace/8-2-build-linux-amd64/jdk8u25/1514/hotspot/src/share/vm/prims/jvm.cpp, line 1312]
Event: 3.804 Thread 0x00007fd958008800 Exception <a 'java/security/PrivilegedActionException'> (0x00000000eba687d0) thrown at [/HUDSON/workspace/8-2-build-linux-amd64/jdk8u25/1514/hotspot/src/share/vm/prims/jvm.cpp, line 1312]
Event: 5.315 Thread 0x00007fd958008800 Exception <a 'java/security/PrivilegedActionException'> (0x00000000eae9d720) thrown at [/HUDSON/workspace/8-2-build-linux-amd64/jdk8u25/1514/hotspot/src/share/vm/prims/jvm.cpp, line 1312]

Events (10 events):
Event: 5.039 Thread 0x00007fd958008800 DEOPT UNPACKING pc=0x00007fd949047373 sp=0x00007fd960df4fb0 mode 0
Event: 5.041 Thread 0x00007fd958008800 DEOPT PACKING pc=0x00007fd94957ea0e sp=0x00007fd960df5270
Event: 5.041 Thread 0x00007fd958008800 DEOPT UNPACKING pc=0x00007fd949047373 sp=0x00007fd960df4fb0 mode 0
Event: 5.044 Thread 0x00007fd958008800 DEOPT PACKING pc=0x00007fd94957ea0e sp=0x00007fd960df5270
Event: 5.044 Thread 0x00007fd958008800 DEOPT UNPACKING pc=0x00007fd949047373 sp=0x00007fd960df4fb0 mode 0
Event: 5.300 Executing VM operation: ParallelGCFailedAllocation
Event: 5.314 Executing VM operation: ParallelGCFailedAllocation done
Event: 5.315 loading class com/android/dex/Dex$1
Event: 5.315 loading class com/android/dex/Dex$1 done
Event: 5.581 Executing VM operation: ParallelGCFailedAllocation


Dynamic libraries:
00400000-00401000 r-xp 00000000 08:02 11023232                           /usr/lib/jvm/java-8-jdk/jre/bin/java
00600000-00601000 rw-p 00000000 08:02 11023232                           /usr/lib/jvm/java-8-jdk/jre/bin/java
00b77000-00b98000 rw-p 00000000 00:00 0                                  [heap]
c0000000-c2980000 rw-p 00000000 00:00 0 
c2980000-eab00000 ---p 00000000 00:00 0 
eab00000-ecf00000 rw-p 00000000 00:00 0 
f0400000-100000000 ---p 00000000 00:00 0 
100000000-1000c0000 rw-p 00000000 00:00 0 
1000c0000-140000000 ---p 00000000 00:00 0 
7fd910000000-7fd910021000 rw-p 00000000 00:00 0 
7fd910021000-7fd914000000 ---p 00000000 00:00 0 
7fd914000000-7fd914021000 rw-p 00000000 00:00 0 
7fd914021000-7fd918000000 ---p 00000000 00:00 0 
7fd918000000-7fd91856f000 rw-p 00000000 00:00 0 
7fd91856f000-7fd91c000000 ---p 00000000 00:00 0 
7fd91c000000-7fd91c62c000 rw-p 00000000 00:00 0 
7fd91c62c000-7fd920000000 ---p 00000000 00:00 0 
7fd920000000-7fd920021000 rw-p 00000000 00:00 0 
7fd920021000-7fd924000000 ---p 00000000 00:00 0 
7fd924000000-7fd924806000 rw-p 00000000 00:00 0 
7fd924806000-7fd928000000 ---p 00000000 00:00 0 
7fd928000000-7fd928021000 rw-p 00000000 00:00 0 
7fd928021000-7fd92c000000 ---p 00000000 00:00 0 
7fd92c000000-7fd92c021000 rw-p 00000000 00:00 0 
7fd92c021000-7fd930000000 ---p 00000000 00:00 0 
7fd930000000-7fd9302a4000 rw-p 00000000 00:00 0 
7fd9302a4000-7fd934000000 ---p 00000000 00:00 0 
7fd936000000-7fd938000000 rw-p 00000000 00:00 0 
7fd938000000-7fd938021000 rw-p 00000000 00:00 0 
7fd938021000-7fd93c000000 ---p 00000000 00:00 0 
7fd93c000000-7fd93c021000 rw-p 00000000 00:00 0 
7fd93c021000-7fd940000000 ---p 00000000 00:00 0 
7fd940000000-7fd940021000 rw-p 00000000 00:00 0 
7fd940021000-7fd944000000 ---p 00000000 00:00 0 
7fd944000000-7fd944021000 rw-p 00000000 00:00 0 
7fd944021000-7fd948000000 ---p 00000000 00:00 0 
7fd9483ab000-7fd9483ac000 ---p 00000000 00:00 0 
7fd9483ac000-7fd9484ac000 rw-p 00000000 00:00 0                          [stack:17190]
7fd9484ac000-7fd9484af000 ---p 00000000 00:00 0 
7fd9484af000-7fd9485ad000 rw-p 00000000 00:00 0                          [stack:17189]
7fd9485ad000-7fd9485b0000 ---p 00000000 00:00 0 
7fd9485b0000-7fd9486ae000 rw-p 00000000 00:00 0                          [stack:17188]
7fd9486ae000-7fd9486b1000 ---p 00000000 00:00 0 
7fd9486b1000-7fd9487af000 rw-p 00000000 00:00 0                          [stack:17187]
7fd9487af000-7fd9487b2000 ---p 00000000 00:00 0 
7fd9487b2000-7fd9488b0000 rw-p 00000000 00:00 0                          [stack:17186]
7fd9488b0000-7fd9488b3000 ---p 00000000 00:00 0 
7fd9488b3000-7fd9489b1000 rw-p 00000000 00:00 0                          [stack:17185]
7fd9489b1000-7fd948afb000 r--p 00000000 08:02 10266512                   /usr/lib/locale/locale-archive
7fd948afb000-7fd948afe000 ---p 00000000 00:00 0 
7fd948afe000-7fd948bfc000 rw-p 00000000 00:00 0                          [stack:17184]
7fd948bfc000-7fd948bff000 ---p 00000000 00:00 0 
7fd948bff000-7fd948cfd000 rw-p 00000000 00:00 0                          [stack:17183]
7fd948cfd000-7fd948cfe000 ---p 00000000 00:00 0 
7fd948cfe000-7fd949000000 rw-p 00000000 00:00 0                          [stack:17182]
7fd949000000-7fd949680000 rwxp 00000000 00:00 0 
7fd949680000-7fd958000000 ---p 00000000 00:00 0 
7fd958000000-7fd958449000 rw-p 00000000 00:00 0 
7fd958449000-7fd95c000000 ---p 00000000 00:00 0 
7fd95c09f000-7fd95c0c6000 r--p 00000000 08:02 10226744                   /usr/share/locale/ko/LC_MESSAGES/libc.mo
7fd95c0c6000-7fd95cdd3000 rw-p 00000000 00:00 0 
7fd95cdd3000-7fd95cfa9000 r--s 03caa000 08:02 11023090                   /usr/lib/jvm/java-8-jdk/jre/lib/rt.jar
7fd95cfa9000-7fd95d6df000 rw-p 00000000 00:00 0 
7fd95d6df000-7fd95d81f000 ---p 00000000 00:00 0 
7fd95d81f000-7fd95da1f000 rw-p 00000000 00:00 0 
7fd95da1f000-7fd95da20000 ---p 00000000 00:00 0 
7fd95da20000-7fd95db20000 rw-p 00000000 00:00 0                          [stack:17181]
7fd95db20000-7fd95db21000 ---p 00000000 00:00 0 
7fd95db21000-7fd95dc21000 rw-p 00000000 00:00 0                          [stack:17180]
7fd95dc21000-7fd95dc22000 ---p 00000000 00:00 0 
7fd95dc22000-7fd95dd22000 rw-p 00000000 00:00 0                          [stack:17179]
7fd95dd22000-7fd95dd23000 ---p 00000000 00:00 0 
7fd95dd23000-7fd95de38000 rw-p 00000000 00:00 0                          [stack:17178]
7fd95de38000-7fd95df79000 ---p 00000000 00:00 0 
7fd95df79000-7fd95df8e000 rw-p 00000000 00:00 0 
7fd95df8e000-7fd95e0ce000 ---p 00000000 00:00 0 
7fd95e0ce000-7fd95e0e1000 rw-p 00000000 00:00 0 
7fd95e0e1000-7fd95e179000 ---p 00000000 00:00 0 
7fd95e179000-7fd95e194000 rw-p 00000000 00:00 0 
7fd95e194000-7fd95e53a000 ---p 00000000 00:00 0 
7fd95e53a000-7fd95e554000 r-xp 00000000 08:02 11023146                   /usr/lib/jvm/java-8-jdk/jre/lib/amd64/libzip.so
7fd95e554000-7fd95e754000 ---p 0001a000 08:02 11023146                   /usr/lib/jvm/java-8-jdk/jre/lib/amd64/libzip.so
7fd95e754000-7fd95e755000 rw-p 0001a000 08:02 11023146                   /usr/lib/jvm/java-8-jdk/jre/lib/amd64/libzip.so
7fd95e755000-7fd95e760000 r-xp 00000000 08:02 10226778                   /usr/lib/libnss_files-2.20.so
7fd95e760000-7fd95e960000 ---p 0000b000 08:02 10226778                   /usr/lib/libnss_files-2.20.so
7fd95e960000-7fd95e961000 r--p 0000b000 08:02 10226778                   /usr/lib/libnss_files-2.20.so
7fd95e961000-7fd95e962000 rw-p 0000c000 08:02 10226778                   /usr/lib/libnss_files-2.20.so
7fd95e962000-7fd95e98c000 r-xp 00000000 08:02 11023165                   /usr/lib/jvm/java-8-jdk/jre/lib/amd64/libjava.so
7fd95e98c000-7fd95eb8c000 ---p 0002a000 08:02 11023165                   /usr/lib/jvm/java-8-jdk/jre/lib/amd64/libjava.so
7fd95eb8c000-7fd95eb8e000 rw-p 0002a000 08:02 11023165                   /usr/lib/jvm/java-8-jdk/jre/lib/amd64/libjava.so
7fd95eb8e000-7fd95eb9b000 r-xp 00000000 08:02 11023152                   /usr/lib/jvm/java-8-jdk/jre/lib/amd64/libverify.so
7fd95eb9b000-7fd95ed9b000 ---p 0000d000 08:02 11023152                   /usr/lib/jvm/java-8-jdk/jre/lib/amd64/libverify.so
7fd95ed9b000-7fd95ed9d000 rw-p 0000d000 08:02 11023152                   /usr/lib/jvm/java-8-jdk/jre/lib/amd64/libverify.so
7fd95ed9d000-7fd95eda4000 r-xp 00000000 08:02 10226815                   /usr/lib/librt-2.20.so
7fd95eda4000-7fd95efa3000 ---p 00007000 08:02 10226815                   /usr/lib/librt-2.20.so
7fd95efa3000-7fd95efa4000 r--p 00006000 08:02 10226815                   /usr/lib/librt-2.20.so
7fd95efa4000-7fd95efa5000 rw-p 00007000 08:02 10226815                   /usr/lib/librt-2.20.so
7fd95efa5000-7fd95f0a8000 r-xp 00000000 08:02 10226803                   /usr/lib/libm-2.20.so
7fd95f0a8000-7fd95f2a8000 ---p 00103000 08:02 10226803                   /usr/lib/libm-2.20.so
7fd95f2a8000-7fd95f2a9000 r--p 00103000 08:02 10226803                   /usr/lib/libm-2.20.so
7fd95f2a9000-7fd95f2aa000 rw-p 00104000 08:02 10226803                   /usr/lib/libm-2.20.so
7fd95f2aa000-7fd95ff17000 r-xp 00000000 08:02 11023175                   /usr/lib/jvm/java-8-jdk/jre/lib/amd64/server/libjvm.so
7fd95ff17000-7fd960116000 ---p 00c6d000 08:02 11023175                   /usr/lib/jvm/java-8-jdk/jre/lib/amd64/server/libjvm.so
7fd960116000-7fd9601ec000 rw-p 00c6c000 08:02 11023175                   /usr/lib/jvm/java-8-jdk/jre/lib/amd64/server/libjvm.so
7fd9601ec000-7fd96022f000 rw-p 00000000 00:00 0 
7fd96022f000-7fd9603c9000 r-xp 00000000 08:02 10226804                   /usr/lib/libc-2.20.so
7fd9603c9000-7fd9605c8000 ---p 0019a000 08:02 10226804                   /usr/lib/libc-2.20.so
7fd9605c8000-7fd9605cc000 r--p 00199000 08:02 10226804                   /usr/lib/libc-2.20.so
7fd9605cc000-7fd9605ce000 rw-p 0019d000 08:02 10226804                   /usr/lib/libc-2.20.so
7fd9605ce000-7fd9605d2000 rw-p 00000000 00:00 0 
7fd9605d2000-7fd9605d5000 r-xp 00000000 08:02 10226776                   /usr/lib/libdl-2.20.so
7fd9605d5000-7fd9607d4000 ---p 00003000 08:02 10226776                   /usr/lib/libdl-2.20.so
7fd9607d4000-7fd9607d5000 r--p 00002000 08:02 10226776                   /usr/lib/libdl-2.20.so
7fd9607d5000-7fd9607d6000 rw-p 00003000 08:02 10226776                   /usr/lib/libdl-2.20.so
7fd9607d6000-7fd9607eb000 r-xp 00000000 08:02 11167758                   /usr/lib/jvm/java-8-jdk/jre/lib/amd64/jli/libjli.so
7fd9607eb000-7fd9609ea000 ---p 00015000 08:02 11167758                   /usr/lib/jvm/java-8-jdk/jre/lib/amd64/jli/libjli.so
7fd9609ea000-7fd9609eb000 rw-p 00014000 08:02 11167758                   /usr/lib/jvm/java-8-jdk/jre/lib/amd64/jli/libjli.so
7fd9609eb000-7fd960a02000 r-xp 00000000 08:02 10226783                   /usr/lib/libpthread-2.20.so
7fd960a02000-7fd960c01000 ---p 00017000 08:02 10226783                   /usr/lib/libpthread-2.20.so
7fd960c01000-7fd960c02000 r--p 00016000 08:02 10226783                   /usr/lib/libpthread-2.20.so
7fd960c02000-7fd960c03000 rw-p 00017000 08:02 10226783                   /usr/lib/libpthread-2.20.so
7fd960c03000-7fd960c07000 rw-p 00000000 00:00 0 
7fd960c07000-7fd960c29000 r-xp 00000000 08:02 10226780                   /usr/lib/ld-2.20.so
7fd960c3c000-7fd960c3d000 rw-p 00000000 00:00 0 
7fd960c3d000-7fd960c4c000 r--s 000dd000 08:02 4720776                    /home/youngbin/Android/Sdk/build-tools/21.1.2/lib/dx.jar
7fd960c4c000-7fd960cf6000 rw-p 00000000 00:00 0 
7fd960cf6000-7fd960cf9000 ---p 00000000 00:00 0 
7fd960cf9000-7fd960dfb000 rw-p 00000000 00:00 0                          [stack:17177]
7fd960dfb000-7fd960e05000 r--s 00116000 08:02 11023194                   /usr/lib/jvm/java-8-jdk/jre/lib/ext/localedata.jar
7fd960e05000-7fd960e09000 r--s 00093000 08:02 11023087                   /usr/lib/jvm/java-8-jdk/jre/lib/jsse.jar
7fd960e09000-7fd960e1d000 rw-p 00000000 00:00 0 
7fd960e1d000-7fd960e25000 rw-s 00000000 00:1f 371044                     /tmp/hsperfdata_youngbin/17169
7fd960e25000-7fd960e26000 rw-p 00000000 00:00 0 
7fd960e26000-7fd960e27000 ---p 00000000 00:00 0 
7fd960e27000-7fd960e28000 rw-p 00000000 00:00 0 
7fd960e28000-7fd960e29000 r--p 00021000 08:02 10226780                   /usr/lib/ld-2.20.so
7fd960e29000-7fd960e2a000 rw-p 00022000 08:02 10226780                   /usr/lib/ld-2.20.so
7fd960e2a000-7fd960e2b000 rw-p 00000000 00:00 0 
7fffd5d94000-7fffd5db5000 rw-p 00000000 00:00 0                          [stack]
7fffd5dfc000-7fffd5dfe000 r--p 00000000 00:00 0                          [vvar]
7fffd5dfe000-7fffd5e00000 r-xp 00000000 00:00 0                          [vdso]
ffffffffff600000-ffffffffff601000 r-xp 00000000 00:00 0                  [vsyscall]

VM Arguments:
jvm_args: -Xmx1024M 
java_command: /home/youngbin/Android/Sdk/build-tools/21.1.2/lib/dx.jar --dex --no-optimize --output /home/youngbin/baekhyang14-android/app/build/intermediates/dex/debug --input-list=/home/youngbin/baekhyang14-android/app/build/intermediates/tmp/dex/debug/inputList.txt
java_class_path (initial): /home/youngbin/Android/Sdk/build-tools/21.1.2/lib/dx.jar
Launcher Type: SUN_STANDARD

Environment Variables:
CLASSPATH=/home/youngbin/android-studio/bin/../lib/bootstrap.jar:/home/youngbin/android-studio/bin/../lib/extensions.jar:/home/youngbin/android-studio/bin/../lib/util.jar:/home/youngbin/android-studio/bin/../lib/jdom.jar:/home/youngbin/android-studio/bin/../lib/log4j.jar:/home/youngbin/android-studio/bin/../lib/trove4j.jar:/home/youngbin/android-studio/bin/../lib/jna.jar:/usr/lib/jvm/java-8-jdk/lib/tools.jar
PATH=/usr/local/sbin:/usr/local/bin:/usr/bin:/usr/lib/jvm/default/bin:/usr/bin/site_perl:/usr/bin/vendor_perl:/usr/bin/core_perl
USERNAME=youngbin
LD_LIBRARY_PATH=/home/youngbin/android-studio/bin:
SHELL=/bin/bash
DISPLAY=:0

Signal Handlers:
SIGSEGV: [libjvm.so+0xa79a80], sa_mask[0]=11111111011111111101111111111110, sa_flags=SA_RESTART|SA_SIGINFO
SIGBUS: [libjvm.so+0xa79a80], sa_mask[0]=11111111011111111101111111111110, sa_flags=SA_RESTART|SA_SIGINFO
SIGFPE: [libjvm.so+0x8e24e0], sa_mask[0]=11111111011111111101111111111110, sa_flags=SA_RESTART|SA_SIGINFO
SIGPIPE: [libjvm.so+0x8e24e0], sa_mask[0]=11111111011111111101111111111110, sa_flags=SA_RESTART|SA_SIGINFO
SIGXFSZ: [libjvm.so+0x8e24e0], sa_mask[0]=11111111011111111101111111111110, sa_flags=SA_RESTART|SA_SIGINFO
SIGILL: [libjvm.so+0x8e24e0], sa_mask[0]=11111111011111111101111111111110, sa_flags=SA_RESTART|SA_SIGINFO
SIGUSR1: SIG_DFL, sa_mask[0]=00000000000000000000000000000000, sa_flags=none
SIGUSR2: [libjvm.so+0x8e3d10], sa_mask[0]=00100000000000000000000000000000, sa_flags=SA_RESTART|SA_SIGINFO
SIGHUP: [libjvm.so+0x8e50d0], sa_mask[0]=11111111011111111101111111111110, sa_flags=SA_RESTART|SA_SIGINFO
SIGINT: [libjvm.so+0x8e50d0], sa_mask[0]=11111111011111111101111111111110, sa_flags=SA_RESTART|SA_SIGINFO
SIGTERM: [libjvm.so+0x8e50d0], sa_mask[0]=11111111011111111101111111111110, sa_flags=SA_RESTART|SA_SIGINFO
SIGQUIT: [libjvm.so+0x8e50d0], sa_mask[0]=11111111011111111101111111111110, sa_flags=SA_RESTART|SA_SIGINFO


---------------  S Y S T E M  ---------------

OS:NAME=Antergos
ID=antergos
ID_LIKE=arch
PRETTY_NAME=Antergos
ANSI_COLOR="1;34;40"
HOME_URL="http://www.antergos.com/"
SUPPORT_URL="http://forum.antergos.com/"
BUG_REPORT_URL="http://bugs.antergos.com/"


uname:Linux 3.17.6-1-ARCH #1 SMP PREEMPT Sun Dec 7 23:43:32 UTC 2014 x86_64
libc:glibc 2.20 NPTL 2.20 
rlimit: STACK 8192k, CORE 0k, NPROC 15633, NOFILE 4096, AS infinity
load average:2.69 1.77 1.25

/proc/meminfo:
MemTotal:        4007620 kB
MemFree:           84676 kB
MemAvailable:      26544 kB
Buffers:             520 kB
Cached:            57572 kB
SwapCached:            0 kB
Active:          3673640 kB
Inactive:          39064 kB
Active(anon):    3661564 kB
Inactive(anon):    26628 kB
Active(file):      12076 kB
Inactive(file):    12436 kB
Unevictable:       15348 kB
Mlocked:           15348 kB
SwapTotal:             0 kB
SwapFree:              0 kB
Dirty:                36 kB
Writeback:          4512 kB
AnonPages:       3669848 kB
Mapped:            48664 kB
Shmem:             27800 kB
Slab:              57988 kB
SReclaimable:      28164 kB
SUnreclaim:        29824 kB
KernelStack:        9408 kB
PageTables:        40332 kB
NFS_Unstable:          0 kB
Bounce:                0 kB
WritebackTmp:          0 kB
CommitLimit:     2003808 kB
Committed_AS:    7348820 kB
VmallocTotal:   34359738367 kB
VmallocUsed:      162840 kB
VmallocChunk:   34359495888 kB
HardwareCorrupted:     0 kB
AnonHugePages:   1841152 kB
HugePages_Total:       0
HugePages_Free:        0
HugePages_Rsvd:        0
HugePages_Surp:        0
Hugepagesize:       2048 kB
DirectMap4k:       49552 kB
DirectMap2M:     4100096 kB


CPU:total 4 (2 cores per cpu, 2 threads per core) family 6 model 42 stepping 7, cmov, cx8, fxsr, mmx, sse, sse2, sse3, ssse3, sse4.1, sse4.2, popcnt, avx, clmul, ht, tsc, tscinvbit

/proc/cpuinfo:
processor	: 0
vendor_id	: GenuineIntel
cpu family	: 6
model		: 42
model name	: Intel(R) Core(TM) i3-2120 CPU @ 3.30GHz
stepping	: 7
microcode	: 0x26
cpu MHz		: 1599.984
cache size	: 3072 KB
physical id	: 0
siblings	: 4
core id		: 0
cpu cores	: 2
apicid		: 0
initial apicid	: 0
fpu		: yes
fpu_exception	: yes
cpuid level	: 13
wp		: yes
flags		: fpu vme de pse tsc msr pae mce cx8 apic sep mtrr pge mca cmov pat pse36 clflush dts acpi mmx fxsr sse sse2 ss ht tm pbe syscall nx rdtscp lm constant_tsc arch_perfmon pebs bts rep_good nopl xtopology nonstop_tsc aperfmperf eagerfpu pni pclmulqdq dtes64 monitor ds_cpl vmx est tm2 ssse3 cx16 xtpr pdcm pcid sse4_1 sse4_2 popcnt tsc_deadline_timer xsave avx lahf_lm arat epb pln pts dtherm tpr_shadow vnmi flexpriority ept vpid xsaveopt
bugs		:
bogomips	: 6602.28
clflush size	: 64
cache_alignment	: 64
address sizes	: 36 bits physical, 48 bits virtual
power management:

processor	: 1
vendor_id	: GenuineIntel
cpu family	: 6
model		: 42
model name	: Intel(R) Core(TM) i3-2120 CPU @ 3.30GHz
stepping	: 7
microcode	: 0x26
cpu MHz		: 1599.984
cache size	: 3072 KB
physical id	: 0
siblings	: 4
core id		: 1
cpu cores	: 2
apicid		: 2
initial apicid	: 2
fpu		: yes
fpu_exception	: yes
cpuid level	: 13
wp		: yes
flags		: fpu vme de pse tsc msr pae mce cx8 apic sep mtrr pge mca cmov pat pse36 clflush dts acpi mmx fxsr sse sse2 ss ht tm pbe syscall nx rdtscp lm constant_tsc arch_perfmon pebs bts rep_good nopl xtopology nonstop_tsc aperfmperf eagerfpu pni pclmulqdq dtes64 monitor ds_cpl vmx est tm2 ssse3 cx16 xtpr pdcm pcid sse4_1 sse4_2 popcnt tsc_deadline_timer xsave avx lahf_lm arat epb pln pts dtherm tpr_shadow vnmi flexpriority ept vpid xsaveopt
bugs		:
bogomips	: 6602.28
clflush size	: 64
cache_alignment	: 64
address sizes	: 36 bits physical, 48 bits virtual
power management:

processor	: 2
vendor_id	: GenuineIntel
cpu family	: 6
model		: 42
model name	: Intel(R) Core(TM) i3-2120 CPU @ 3.30GHz
stepping	: 7
microcode	: 0x26
cpu MHz		: 1613.003
cache size	: 3072 KB
physical id	: 0
siblings	: 4
core id		: 0
cpu cores	: 2
apicid		: 1
initial apicid	: 1
fpu		: yes
fpu_exception	: yes
cpuid level	: 13
wp		: yes
flags		: fpu vme de pse tsc msr pae mce cx8 apic sep mtrr pge mca cmov pat pse36 clflush dts acpi mmx fxsr sse sse2 ss ht tm pbe syscall nx rdtscp lm constant_tsc arch_perfmon pebs bts rep_good nopl xtopology nonstop_tsc aperfmperf eagerfpu pni pclmulqdq dtes64 monitor ds_cpl vmx est tm2 ssse3 cx16 xtpr pdcm pcid sse4_1 sse4_2 popcnt tsc_deadline_timer xsave avx lahf_lm arat epb pln pts dtherm tpr_shadow vnmi flexpriority ept vpid xsaveopt
bugs		:
bogomips	: 6602.28
clflush size	: 64
cache_alignment	: 64
address sizes	: 36 bits physical, 48 bits virtual
power management:

processor	: 3
vendor_id	: GenuineIntel
cpu family	: 6
model		: 42
model name	: Intel(R) Core(TM) i3-2120 CPU @ 3.30GHz
stepping	: 7
microcode	: 0x26
cpu MHz		: 1599.984
cache size	: 3072 KB
physical id	: 0
siblings	: 4
core id		: 1
cpu cores	: 2
apicid		: 3
initial apicid	: 3
fpu		: yes
fpu_exception	: yes
cpuid level	: 13
wp		: yes
flags		: fpu vme de pse tsc msr pae mce cx8 apic sep mtrr pge mca cmov pat pse36 clflush dts acpi mmx fxsr sse sse2 ss ht tm pbe syscall nx rdtscp lm constant_tsc arch_perfmon pebs bts rep_good nopl xtopology nonstop_tsc aperfmperf eagerfpu pni pclmulqdq dtes64 monitor ds_cpl vmx est tm2 ssse3 cx16 xtpr pdcm pcid sse4_1 sse4_2 popcnt tsc_deadline_timer xsave avx lahf_lm arat epb pln pts dtherm tpr_shadow vnmi flexpriority ept vpid xsaveopt
bugs		:
bogomips	: 6602.28
clflush size	: 64
cache_alignment	: 64
address sizes	: 36 bits physical, 48 bits virtual
power management:



Memory: 4k page, physical 4007620k(84676k free), swap 0k(0k free)

vm_info: Java HotSpot(TM) 64-Bit Server VM (25.25-b02) for linux-amd64 JRE (1.8.0_25-b17), built on Sep 17 2014 17:32:11 by "java_re" with gcc 4.3.0 20080428 (Red Hat 4.3.0-8)

time: Fri Dec 26 22:11:56 2014
elapsed time: 9 seconds (0d 0h 0m 9s)

